<?xml version="1.0" encoding="UTF-8"?>
<robot generator="Robot 7.3.2 (Python 3.13.0 on win32)" generated="2025-10-15T18:28:44.445811" rpa="false" schemaversion="5">
<suite id="s1" name="Main" source="c:\Users\artjo\Documents\GitHub\software-testing-project\main.robot">
<kw name="Open browser and go to hamk.fi" type="SETUP">
<kw name="Open Browser" owner="SeleniumLibrary">
<msg time="2025-10-15T18:28:44.722963" level="INFO">Opening browser 'chrome' to base url 'https://www.hamk.fi/'.</msg>
<arg>${url}</arg>
<arg>chrome</arg>
<doc>Opens a new browser instance to the optional ``url``.</doc>
<status status="PASS" start="2025-10-15T18:28:44.722703" elapsed="1.790908"/>
</kw>
<kw name="Maximize Browser Window" owner="SeleniumLibrary">
<doc>Maximizes current browser window.</doc>
<status status="PASS" start="2025-10-15T18:28:46.514190" elapsed="0.045003"/>
</kw>
<kw name="Handle cookies and switch to english">
<kw name="Sleep" owner="BuiltIn">
<msg time="2025-10-15T18:28:49.561303" level="INFO">Slept 3 seconds.</msg>
<arg>3s</arg>
<doc>Pauses the test executed for the given time.</doc>
<status status="PASS" start="2025-10-15T18:28:46.560119" elapsed="3.002780"/>
</kw>
<kw name="Click Element" owner="SeleniumLibrary">
<msg time="2025-10-15T18:28:49.563951" level="INFO">Clicking element 'xpath=//a[text()="English"]'.</msg>
<arg>xpath=//a[text()="English"]</arg>
<doc>Click the element identified by ``locator``.</doc>
<status status="PASS" start="2025-10-15T18:28:49.563527" elapsed="0.300173"/>
</kw>
<kw name="Sleep" owner="BuiltIn">
<msg time="2025-10-15T18:28:50.865156" level="INFO">Slept 1 second.</msg>
<arg>1s</arg>
<doc>Pauses the test executed for the given time.</doc>
<status status="PASS" start="2025-10-15T18:28:49.864038" elapsed="1.002760"/>
</kw>
<kw name="Click Button" owner="SeleniumLibrary">
<msg time="2025-10-15T18:28:50.869792" level="INFO">Clicking button 'xpath=//button[text()="Allow all cookies"]'.</msg>
<arg>xpath=//button[text()="Allow all cookies"]</arg>
<doc>Clicks the button identified by ``locator``.</doc>
<status status="PASS" start="2025-10-15T18:28:50.868108" elapsed="0.108927"/>
</kw>
<status status="PASS" start="2025-10-15T18:28:46.559721" elapsed="4.417598"/>
</kw>
<status status="PASS" start="2025-10-15T18:28:44.722127" elapsed="6.255342"/>
</kw>
<test id="s1-t1" name="Test navigation to contact page" line="30">
<kw name="Sleep" owner="BuiltIn">
<msg time="2025-10-15T18:28:52.979281" level="INFO">Slept 2 seconds.</msg>
<arg>2s</arg>
<doc>Pauses the test executed for the given time.</doc>
<status status="PASS" start="2025-10-15T18:28:50.978876" elapsed="2.000658"/>
</kw>
<kw name="Click Element" owner="SeleniumLibrary">
<msg time="2025-10-15T18:28:52.980575" level="INFO">Clicking element 'xpath=//div[@class="header-menu-desktop"]/ul/li[5]'.</msg>
<arg>xpath=//div[@class="header-menu-desktop"]/ul/li[5]</arg>
<doc>Click the element identified by ``locator``.</doc>
<status status="PASS" start="2025-10-15T18:28:52.980280" elapsed="0.108884"/>
</kw>
<kw name="Wait Until Element Is Visible" owner="SeleniumLibrary">
<arg>xpath=//ul[@class="sub-menu is-open"]/li[5]</arg>
<doc>Waits until the element ``locator`` is visible.</doc>
<status status="PASS" start="2025-10-15T18:28:53.089903" elapsed="0.439823"/>
</kw>
<kw name="Click Element" owner="SeleniumLibrary">
<msg time="2025-10-15T18:28:53.531037" level="INFO">Clicking element 'xpath=//ul[@class="sub-menu is-open"]/li[5]'.</msg>
<arg>xpath=//ul[@class="sub-menu is-open"]/li[5]</arg>
<doc>Click the element identified by ``locator``.</doc>
<status status="PASS" start="2025-10-15T18:28:53.530678" elapsed="0.818943"/>
</kw>
<kw name="Sleep" owner="BuiltIn">
<msg time="2025-10-15T18:28:56.351861" level="INFO">Slept 2 seconds.</msg>
<arg>2s</arg>
<doc>Pauses the test executed for the given time.</doc>
<status status="PASS" start="2025-10-15T18:28:54.350806" elapsed="2.001327"/>
</kw>
<kw name="Click Element" owner="SeleniumLibrary">
<msg time="2025-10-15T18:28:56.353629" level="INFO">Clicking element 'xpath=//div[@class="wp-block-button"]/a'.</msg>
<arg>xpath=//div[@class="wp-block-button"]/a</arg>
<doc>Click the element identified by ``locator``.</doc>
<status status="PASS" start="2025-10-15T18:28:56.353000" elapsed="0.443043"/>
</kw>
<kw name="Sleep" owner="BuiltIn">
<msg time="2025-10-15T18:29:01.797983" level="INFO">Slept 5 seconds.</msg>
<arg>5s</arg>
<doc>Pauses the test executed for the given time.</doc>
<status status="PASS" start="2025-10-15T18:28:56.796743" elapsed="5.001570"/>
</kw>
<kw name="Scroll Element Into View" owner="SeleniumLibrary">
<arg>xpath=//div[@class="em-block-contact-feed__app"]</arg>
<doc>Scrolls the element identified by ``locator`` into view.</doc>
<status status="PASS" start="2025-10-15T18:29:01.798993" elapsed="0.281480"/>
</kw>
<kw name="Input Text" owner="SeleniumLibrary">
<msg time="2025-10-15T18:29:02.082192" level="INFO">Typing text 'Jawad Yasin' into text field 'xpath=//div[@class="em-block-contact-feed__app"]/div[1]/div[1]/div[1]/div[2]/input'.</msg>
<arg>xpath=//div[@class="em-block-contact-feed__app"]/div[1]/div[1]/div[1]/div[2]/input</arg>
<arg>Jawad Yasin</arg>
<doc>Types the given ``text`` into the text field identified by ``locator``.</doc>
<status status="PASS" start="2025-10-15T18:29:02.081258" elapsed="0.185761"/>
</kw>
<kw name="Sleep" owner="BuiltIn">
<msg time="2025-10-15T18:29:05.268824" level="INFO">Slept 3 seconds.</msg>
<arg>3s</arg>
<doc>Pauses the test executed for the given time.</doc>
<status status="PASS" start="2025-10-15T18:29:02.267814" elapsed="3.002355"/>
</kw>
<kw name="Scroll Element Into View" owner="SeleniumLibrary">
<arg>xpath=//div[@class="wp-block-button is-style-outline"]</arg>
<doc>Scrolls the element identified by ``locator`` into view.</doc>
<status status="PASS" start="2025-10-15T18:29:05.273779" elapsed="0.311421"/>
</kw>
<kw name="Click Element" owner="SeleniumLibrary">
<msg time="2025-10-15T18:29:05.586529" level="INFO">Clicking element 'xpath=//div[@class="wp-block-button is-style-outline"]/a'.</msg>
<arg>xpath=//div[@class="wp-block-button is-style-outline"]/a</arg>
<doc>Click the element identified by ``locator``.</doc>
<status status="PASS" start="2025-10-15T18:29:05.586185" elapsed="0.400983"/>
</kw>
<kw name="Sleep" owner="BuiltIn">
<msg time="2025-10-15T18:29:07.988582" level="INFO">Slept 2 seconds.</msg>
<arg>2s</arg>
<doc>Pauses the test executed for the given time.</doc>
<status status="PASS" start="2025-10-15T18:29:05.987588" elapsed="2.002065"/>
</kw>
<kw name="Get Text" owner="SeleniumLibrary">
<msg time="2025-10-15T18:29:08.039011" level="INFO">${lecturer_name} = Jawad Yasin</msg>
<var>${lecturer_name}</var>
<arg>xpath=//div[@class="wp-block-column"]/h1</arg>
<doc>Returns the text value of the element identified by ``locator``.</doc>
<status status="PASS" start="2025-10-15T18:29:07.991643" elapsed="0.048205"/>
</kw>
<kw name="Should Be Equal" owner="BuiltIn">
<arg>${lecturer_name}</arg>
<arg>Jawad Yasin</arg>
<doc>Fails if the given objects are unequal.</doc>
<status status="PASS" start="2025-10-15T18:29:08.041211" elapsed="0.000252"/>
</kw>
<status status="PASS" start="2025-10-15T18:28:50.977610" elapsed="17.064737"/>
</test>
<status status="PASS" start="2025-10-15T18:28:44.450751" elapsed="23.595114"/>
</suite>
<statistics>
<total>
<stat pass="1" fail="0" skip="0">All Tests</stat>
</total>
<tag>
</tag>
<suite>
<stat name="Main" id="s1" pass="1" fail="0" skip="0">Main</stat>
</suite>
</statistics>
<errors>
</errors>
</robot>
