<?xml version="1.0" encoding="UTF-8"?>
<robot generator="Robot 7.3.2 (Python 3.10.5 on win32)" generated="2025-10-16T17:50:32.027652" rpa="false" schemaversion="5">
<suite id="s1" name="Main" source="c:\Users\spasi\OneDrive\Dokumenty\GitHub\software-testing-project\main.robot">
<kw name="Open browser and go to hamk.fi" type="SETUP">
<kw name="Open Browser" owner="SeleniumLibrary">
<msg time="2025-10-16T17:50:32.395946" level="WARN">exexcutable_path is being deprecated. Please use service to configure the driver's executable_path as per documentation.</msg>
<msg time="2025-10-16T17:50:32.399908" level="INFO">Opening browser 'chrome' to base url 'https://www.hamk.fi/'.</msg>
<arg>${url}</arg>
<arg>chrome</arg>
<arg>executable_path=C://chromedriver-win64//chromedriver.exe</arg>
<doc>Opens a new browser instance to the optional ``url``.</doc>
<status status="PASS" start="2025-10-16T17:50:32.394911" elapsed="4.872287"/>
</kw>
<kw name="Maximize Browser Window" owner="SeleniumLibrary">
<doc>Maximizes current browser window.</doc>
<status status="PASS" start="2025-10-16T17:50:37.268196" elapsed="0.072440"/>
</kw>
<kw name="Handle cookies and switch to english">
<kw name="Sleep" owner="BuiltIn">
<msg time="2025-10-16T17:50:40.350630" level="INFO">Slept 3 seconds.</msg>
<arg>3s</arg>
<doc>Pauses the test executed for the given time.</doc>
<status status="PASS" start="2025-10-16T17:50:37.341645" elapsed="3.012130"/>
</kw>
<kw name="Click Element" owner="SeleniumLibrary">
<msg time="2025-10-16T17:50:40.355544" level="INFO">Clicking element 'xpath=//a[text()="English"]'.</msg>
<arg>xpath=//a[text()="English"]</arg>
<doc>Click the element identified by ``locator``.</doc>
<status status="PASS" start="2025-10-16T17:50:40.354542" elapsed="0.732160"/>
</kw>
<kw name="Sleep" owner="BuiltIn">
<msg time="2025-10-16T17:50:42.094106" level="INFO">Slept 1 second.</msg>
<arg>1s</arg>
<doc>Pauses the test executed for the given time.</doc>
<status status="PASS" start="2025-10-16T17:50:41.087705" elapsed="1.007245"/>
</kw>
<kw name="Run Keyword And Return Status" owner="BuiltIn">
<kw name="Element Should Be Visible" owner="SeleniumLibrary">
<msg time="2025-10-16T17:50:42.241132" level="INFO">Element 'xpath=//button[text()="Allow all cookies"]' is displayed.</msg>
<arg>xpath=//button[text()="Allow all cookies"]</arg>
<doc>Verifies that the element identified by ``locator`` is visible.</doc>
<status status="PASS" start="2025-10-16T17:50:42.096944" elapsed="0.145204"/>
</kw>
<msg time="2025-10-16T17:50:42.242148" level="INFO">${cookies_exist} = True</msg>
<var>${cookies_exist}</var>
<arg>Element Should Be Visible</arg>
<arg>xpath=//button[text()="Allow all cookies"]</arg>
<doc>Runs the given keyword with given arguments and returns the status as a Boolean value.</doc>
<status status="PASS" start="2025-10-16T17:50:42.095949" elapsed="0.146199"/>
</kw>
<if>
<branch type="IF" condition="${cookies_exist}">
<kw name="Click Button" owner="SeleniumLibrary">
<msg time="2025-10-16T17:50:42.243147" level="INFO">Clicking button 'xpath=//button[text()="Allow all cookies"]'.</msg>
<arg>xpath=//button[text()="Allow all cookies"]</arg>
<doc>Clicks the button identified by ``locator``.</doc>
<status status="PASS" start="2025-10-16T17:50:42.243147" elapsed="0.097341"/>
</kw>
<status status="PASS" start="2025-10-16T17:50:42.243147" elapsed="0.098361"/>
</branch>
<status status="PASS" start="2025-10-16T17:50:42.242148" elapsed="0.099360"/>
</if>
<status status="PASS" start="2025-10-16T17:50:37.341645" elapsed="4.999863"/>
</kw>
<status status="PASS" start="2025-10-16T17:50:32.393947" elapsed="9.947561"/>
</kw>
<test id="s1-t1" name="Test the prices showing up correctly in the hamk shop" line="274">
<kw name="Get Location" owner="SeleniumLibrary">
<msg time="2025-10-16T17:50:42.367488" level="INFO">${current_url} = https://www.hamk.fi/en/</msg>
<var>${current_url}</var>
<doc>Returns the current browser window URL.</doc>
<status status="PASS" start="2025-10-16T17:50:42.343507" elapsed="0.024980"/>
</kw>
<kw name="Catenate" owner="BuiltIn">
<msg time="2025-10-16T17:50:42.372487" level="INFO">${expected_url} = https://www.hamk.fi/en/</msg>
<var>${expected_url}</var>
<arg>SEPARATOR=</arg>
<arg>${url}</arg>
<arg>en/</arg>
<doc>Catenates the given items together and returns the resulted string.</doc>
<status status="PASS" start="2025-10-16T17:50:42.371492" elapsed="0.000995"/>
</kw>
<if>
<branch type="IF" condition="$expected_url != $current_url">
<kw name="Go to hamk homepage">
<status status="NOT RUN" start="2025-10-16T17:50:42.385487" elapsed="0.001000"/>
</kw>
<status status="NOT RUN" start="2025-10-16T17:50:42.375487" elapsed="0.011000"/>
</branch>
<status status="PASS" start="2025-10-16T17:50:42.375487" elapsed="0.011000"/>
</if>
<kw name="Get WebElement" owner="SeleniumLibrary">
<msg time="2025-10-16T17:50:42.415488" level="INFO">${shop_button} = &lt;selenium.webdriver.remote.webelement.WebElement (session="0d35de308f3a3d582d2b58435c78157e", element="f.9BEE223D50115A3D30FCAF64302365F7.d.FF36C5E581C30D67C2D4BFF5FB1E9D5D.e.70")&gt;</msg>
<var>${shop_button}</var>
<arg>xpath=//a[@href="https://shop.hamk.fi/"]</arg>
<doc>Returns the first WebElement matching the given ``locator``.</doc>
<status status="PASS" start="2025-10-16T17:50:42.391486" elapsed="0.024002"/>
</kw>
<kw name="Scroll Element Into View" owner="SeleniumLibrary">
<arg>${shop_button}</arg>
<doc>Scrolls the element identified by ``locator`` into view.</doc>
<status status="PASS" start="2025-10-16T17:50:42.416489" elapsed="0.304723"/>
</kw>
<kw name="Sleep" owner="BuiltIn">
<msg time="2025-10-16T17:50:43.231421" level="INFO">Slept 500 milliseconds.</msg>
<arg>0.5s</arg>
<doc>Pauses the test executed for the given time.</doc>
<status status="PASS" start="2025-10-16T17:50:42.722338" elapsed="0.510575"/>
</kw>
<kw name="Click Element" owner="SeleniumLibrary">
<msg time="2025-10-16T17:50:43.235935" level="INFO">Clicking element '&lt;selenium.webdriver.remote.webelement.WebElement (session="0d35de308f3a3d582d2b58435c78157e", element="f.9BEE223D50115A3D30FCAF64302365F7.d.FF36C5E581C30D67C2D4BFF5FB1E9D5D.e.70")&gt;'.</msg>
<arg>${shop_button}</arg>
<doc>Click the element identified by ``locator``.</doc>
<status status="PASS" start="2025-10-16T17:50:43.233936" elapsed="17.032329"/>
</kw>
<kw name="Page Should Contain" owner="SeleniumLibrary">
<msg time="2025-10-16T17:51:00.314160" level="INFO">Current page contains text 'HAMK Shop'.</msg>
<arg>HAMK Shop</arg>
<doc>Verifies that current page contains ``text``.</doc>
<status status="PASS" start="2025-10-16T17:51:00.268256" elapsed="0.047000"/>
</kw>
<kw name="Page Should Contain" owner="SeleniumLibrary">
<msg time="2025-10-16T17:51:00.353502" level="INFO">Current page contains text 'Latest Products'.</msg>
<arg>Latest Products</arg>
<doc>Verifies that current page contains ``text``.</doc>
<status status="PASS" start="2025-10-16T17:51:00.317171" elapsed="0.037334"/>
</kw>
<kw name="Set Variable" owner="BuiltIn">
<msg time="2025-10-16T17:51:00.357590" level="INFO">${cookie_button} = xpath=//button[@class="cky-btn cky-btn-accept"]</msg>
<var>${cookie_button}</var>
<arg>xpath=//button[@class="cky-btn cky-btn-accept"]</arg>
<doc>Returns the given values which can then be assigned to a variables.</doc>
<status status="PASS" start="2025-10-16T17:51:00.356593" elapsed="0.000997"/>
</kw>
<kw name="Run Keyword And Return Status" owner="BuiltIn">
<kw name="Element Should Be Visible" owner="SeleniumLibrary">
<msg time="2025-10-16T17:51:00.414436" level="INFO">Element 'xpath=//button[@class="cky-btn cky-btn-accept"]' is displayed.</msg>
<arg>${cookie_button}</arg>
<doc>Verifies that the element identified by ``locator`` is visible.</doc>
<status status="PASS" start="2025-10-16T17:51:00.360506" elapsed="0.055040"/>
</kw>
<msg time="2025-10-16T17:51:00.416507" level="INFO">${cookie_exists} = True</msg>
<var>${cookie_exists}</var>
<arg>Element Should Be Visible</arg>
<arg>${cookie_button}</arg>
<doc>Runs the given keyword with given arguments and returns the status as a Boolean value.</doc>
<status status="PASS" start="2025-10-16T17:51:00.359508" elapsed="0.056999"/>
</kw>
<if>
<branch type="IF" condition="${cookie_exists}">
<kw name="Click Button" owner="SeleniumLibrary">
<msg time="2025-10-16T17:51:00.419526" level="INFO">Clicking button 'xpath=//button[@class="cky-btn cky-btn-accept"]'.</msg>
<arg>${cookie_button}</arg>
<doc>Clicks the button identified by ``locator``.</doc>
<status status="PASS" start="2025-10-16T17:51:00.418491" elapsed="0.172030"/>
</kw>
<status status="PASS" start="2025-10-16T17:51:00.418491" elapsed="0.172030"/>
</branch>
<status status="PASS" start="2025-10-16T17:51:00.417534" elapsed="0.172987"/>
</if>
<kw name="Get WebElement" owner="SeleniumLibrary">
<msg time="2025-10-16T17:51:00.604103" level="INFO">${product_page_button} = &lt;selenium.webdriver.remote.webelement.WebElement (session="0d35de308f3a3d582d2b58435c78157e", element="f.9BEE223D50115A3D30FCAF64302365F7.d.ECA8FA0062C2538ACEDB2B021D989961.e.147")&gt;</msg>
<var>${product_page_button}</var>
<arg>xpath=//a[contains(@href,"https://shop.hamk.fi/tuote-osasto/hamk-products/")]</arg>
<doc>Returns the first WebElement matching the given ``locator``.</doc>
<status status="PASS" start="2025-10-16T17:51:00.591519" elapsed="0.012584"/>
</kw>
<kw name="Click Element" owner="SeleniumLibrary">
<msg time="2025-10-16T17:51:00.605994" level="INFO">Clicking element '&lt;selenium.webdriver.remote.webelement.WebElement (session="0d35de308f3a3d582d2b58435c78157e", element="f.9BEE223D50115A3D30FCAF64302365F7.d.ECA8FA0062C2538ACEDB2B021D989961.e.147")&gt;'.</msg>
<arg>${product_page_button}</arg>
<doc>Click the element identified by ``locator``.</doc>
<status status="PASS" start="2025-10-16T17:51:00.605005" elapsed="0.635988"/>
</kw>
<kw name="Set Variable" owner="BuiltIn">
<msg time="2025-10-16T17:51:01.242993" level="INFO">${product_path} = xpath=//main/ul[@class="products columns-3"]/li</msg>
<var>${product_path}</var>
<arg>xpath=//main/ul[@class="products columns-3"]/li</arg>
<doc>Returns the given values which can then be assigned to a variables.</doc>
<status status="PASS" start="2025-10-16T17:51:01.241993" elapsed="0.001000"/>
</kw>
<kw name="Get WebElement" owner="SeleniumLibrary">
<msg time="2025-10-16T17:51:01.268245" level="INFO">${product} = &lt;selenium.webdriver.remote.webelement.WebElement (session="0d35de308f3a3d582d2b58435c78157e", element="f.9BEE223D50115A3D30FCAF64302365F7.d.BF73EAF32BB32D86D05072F351A54286.e.170")&gt;</msg>
<var>${product}</var>
<arg>${product_path}</arg>
<doc>Returns the first WebElement matching the given ``locator``.</doc>
<status status="PASS" start="2025-10-16T17:51:01.243994" elapsed="0.025245"/>
</kw>
<kw name="Scroll Element Into View" owner="SeleniumLibrary">
<arg>${product}</arg>
<doc>Scrolls the element identified by ``locator`` into view.</doc>
<status status="PASS" start="2025-10-16T17:51:01.270239" elapsed="0.327545"/>
</kw>
<kw name="Sleep" owner="BuiltIn">
<msg time="2025-10-16T17:51:02.108702" level="INFO">Slept 500 milliseconds.</msg>
<arg>0.5s</arg>
<doc>Pauses the test executed for the given time.</doc>
<status status="PASS" start="2025-10-16T17:51:01.600780" elapsed="0.508780"/>
</kw>
<kw name="Get Text" owner="SeleniumLibrary">
<msg time="2025-10-16T17:51:02.175996" level="INFO">${product_price} = 1,00 €</msg>
<var>${product_price}</var>
<arg>${product_path}/a/span/span</arg>
<doc>Returns the text value of the element identified by ``locator``.</doc>
<status status="PASS" start="2025-10-16T17:51:02.111574" elapsed="0.065337"/>
</kw>
<kw name="Split String" owner="String">
<msg time="2025-10-16T17:51:02.179913" level="INFO">${product_price} = ['1,00', '€']</msg>
<var>${product_price}</var>
<arg>${product_price}</arg>
<doc>Splits the ``string`` using ``separator`` as a delimiter string.</doc>
<status status="PASS" start="2025-10-16T17:51:02.178921" elapsed="0.001997"/>
</kw>
<kw name="Get From List" owner="Collections">
<msg time="2025-10-16T17:51:02.182921" level="INFO">${product_price} = 1,00</msg>
<var>${product_price}</var>
<arg>${product_price}</arg>
<arg>0</arg>
<doc>Returns the value specified with an ``index`` from ``list``.</doc>
<status status="PASS" start="2025-10-16T17:51:02.182001" elapsed="0.001910"/>
</kw>
<kw name="Get Text" owner="SeleniumLibrary">
<msg time="2025-10-16T17:51:02.227980" level="INFO">${product_name} = Badge, circle</msg>
<var>${product_name}</var>
<arg>${product_path}/a/h2</arg>
<doc>Returns the text value of the element identified by ``locator``.</doc>
<status status="PASS" start="2025-10-16T17:51:02.185006" elapsed="0.042974"/>
</kw>
<kw name="Click Element" owner="SeleniumLibrary">
<msg time="2025-10-16T17:51:02.230935" level="INFO">Clicking element '&lt;selenium.webdriver.remote.webelement.WebElement (session="0d35de308f3a3d582d2b58435c78157e", element="f.9BEE223D50115A3D30FCAF64302365F7.d.BF73EAF32BB32D86D05072F351A54286.e.170")&gt;'.</msg>
<arg>${product}</arg>
<doc>Click the element identified by ``locator``.</doc>
<status status="PASS" start="2025-10-16T17:51:02.229933" elapsed="0.641773"/>
</kw>
<kw name="Sleep" owner="BuiltIn">
<msg time="2025-10-16T17:51:03.383507" level="INFO">Slept 500 milliseconds.</msg>
<arg>0.5s</arg>
<doc>Pauses the test executed for the given time.</doc>
<status status="PASS" start="2025-10-16T17:51:02.874710" elapsed="0.509798"/>
</kw>
<kw name="Page Should Contain" owner="SeleniumLibrary">
<msg time="2025-10-16T17:51:03.428589" level="INFO">Current page contains text 'Badge, circle'.</msg>
<arg>${product_name}</arg>
<doc>Verifies that current page contains ``text``.</doc>
<status status="PASS" start="2025-10-16T17:51:03.385507" elapsed="0.044001"/>
</kw>
<kw name="Page Should Contain" owner="SeleniumLibrary">
<msg time="2025-10-16T17:51:03.496425" level="INFO">Current page contains text '1,00'.</msg>
<arg>${product_price}</arg>
<doc>Verifies that current page contains ``text``.</doc>
<status status="PASS" start="2025-10-16T17:51:03.431506" elapsed="0.065711"/>
</kw>
<kw name="Click Button" owner="SeleniumLibrary">
<msg time="2025-10-16T17:51:03.501213" level="INFO">Clicking button 'xpath=//button[text()="Add to cart"]'.</msg>
<arg>xpath=//button[text()="Add to cart"]</arg>
<doc>Clicks the button identified by ``locator``.</doc>
<status status="PASS" start="2025-10-16T17:51:03.500212" elapsed="0.497656"/>
</kw>
<kw name="Sleep" owner="BuiltIn">
<msg time="2025-10-16T17:51:06.008612" level="INFO">Slept 2 seconds.</msg>
<arg>2s</arg>
<doc>Pauses the test executed for the given time.</doc>
<status status="PASS" start="2025-10-16T17:51:03.998867" elapsed="2.010785"/>
</kw>
<kw name="Click Element" owner="SeleniumLibrary">
<msg time="2025-10-16T17:51:06.012638" level="INFO">Clicking element 'xpath=//a[contains(@href,"https://shop.hamk.fi/cart/")]'.</msg>
<arg>xpath=//a[contains(@href,"https://shop.hamk.fi/cart/")]</arg>
<doc>Click the element identified by ``locator``.</doc>
<status status="PASS" start="2025-10-16T17:51:06.011639" elapsed="0.967779"/>
</kw>
<kw name="Page Should Contain" owner="SeleniumLibrary">
<msg time="2025-10-16T17:51:07.027888" level="INFO">Current page contains text 'Cart'.</msg>
<arg>Cart</arg>
<doc>Verifies that current page contains ``text``.</doc>
<status status="PASS" start="2025-10-16T17:51:06.981414" elapsed="0.047470"/>
</kw>
<kw name="Page Should Contain" owner="SeleniumLibrary">
<msg time="2025-10-16T17:51:07.062233" level="INFO">Current page contains text 'Badge, circle'.</msg>
<arg>${product_name}</arg>
<doc>Verifies that current page contains ``text``.</doc>
<status status="PASS" start="2025-10-16T17:51:07.029922" elapsed="0.032311"/>
</kw>
<kw name="Page Should Contain" owner="SeleniumLibrary">
<msg time="2025-10-16T17:51:07.097744" level="INFO">Current page contains text '1,00'.</msg>
<arg>${product_price}</arg>
<doc>Verifies that current page contains ``text``.</doc>
<status status="PASS" start="2025-10-16T17:51:07.064230" elapsed="0.034529"/>
</kw>
<status status="PASS" start="2025-10-16T17:50:42.341508" elapsed="24.759235"/>
</test>
<status status="PASS" start="2025-10-16T17:50:32.036653" elapsed="35.068101"/>
</suite>
<statistics>
<total>
<stat pass="1" fail="0" skip="0">All Tests</stat>
</total>
<tag>
</tag>
<suite>
<stat name="Main" id="s1" pass="1" fail="0" skip="0">Main</stat>
</suite>
</statistics>
<errors>
<msg time="2025-10-16T17:50:32.395946" level="WARN">exexcutable_path is being deprecated. Please use service to configure the driver's executable_path as per documentation.</msg>
</errors>
</robot>
